<?xml version="1.0" encoding="UTF-8"?>
<!-- Generated by org.testng.reporters.JUnitXMLReporter -->
<testsuite hostname="deh-mbp" ignored="0" name="Default test" tests="2" failures="0" timestamp="31 Mar 2017 20:28:54 GMT" time="0.024" errors="0">
  <testcase name="@BeforeSuite setUp" time="0.0" classname="rdSeleniumTests.rdAdminConsole">
    <failure type="org.testng.TestNGException" message="
Parameter &amp;apos;browser&amp;apos; is required by BeforeSuite on method setUp but has not been marked @Optional or defined
in /private/var/folders/tj/3lsj_qw10k3_swmp5zdd7q100000gp/T/testng-eclipse--1193804783/testng-customsuite.xml">
      <![CDATA[org.testng.TestNGException: 
Parameter 'browser' is required by BeforeSuite on method setUp but has not been marked @Optional or defined
in /private/var/folders/tj/3lsj_qw10k3_swmp5zdd7q100000gp/T/testng-eclipse--1193804783/testng-customsuite.xml
	at org.testng.internal.Parameters.createParameters(Parameters.java:199)
	at org.testng.internal.Parameters.createParameters(Parameters.java:443)
	at org.testng.internal.Parameters.createConfigurationParameters(Parameters.java:118)
	at org.testng.internal.Invoker.invokeConfigurations(Invoker.java:206)
	at org.testng.internal.Invoker.invokeConfigurations(Invoker.java:146)
	at org.testng.SuiteRunner.privateRun(SuiteRunner.java:326)
	at org.testng.SuiteRunner.run(SuiteRunner.java:289)
	at org.testng.SuiteRunnerWorker.runSuite(SuiteRunnerWorker.java:52)
	at org.testng.SuiteRunnerWorker.run(SuiteRunnerWorker.java:86)
	at org.testng.TestNG.runSuitesSequentially(TestNG.java:1301)
	at org.testng.TestNG.runSuitesLocally(TestNG.java:1226)
	at org.testng.TestNG.runSuites(TestNG.java:1144)
	at org.testng.TestNG.run(TestNG.java:1115)
	at org.testng.remote.AbstractRemoteTestNG.run(AbstractRemoteTestNG.java:132)
	at org.testng.remote.RemoteTestNG.initAndRun(RemoteTestNG.java:230)
	at org.testng.remote.RemoteTestNG.main(RemoteTestNG.java:76)
]]>
    </failure>
  </testcase> <!-- @BeforeSuite setUp -->
  <testcase name="adminCreateUser" time="0.0" classname="rdSeleniumTests.rdAdminConsole">
    <skipped/>
  </testcase> <!-- adminCreateUser -->
  <testcase name="adminLogIn" time="0.0" classname="rdSeleniumTests.rdAdminConsole">
    <skipped/>
  </testcase> <!-- adminLogIn -->
</testsuite> <!-- Default test -->
